<!doctype html>
<html lang="">
<head>
    <meta charset="UTF-8">
    <meta name="viewport"
          content="width=device-width, user-scalable=no, initial-scale=1.0, maximum-scale=1.0, minimum-scale=1.0">
    <meta http-equiv="X-UA-Compatible" content="ie=edge">
    <title>Test Results Report - Practica11_ReporteriaTestngAgrupacionCasosCucumber</title>

    <link href="reportng.css" rel="stylesheet" type="text/css"/>
</head>
<body>
<div id="meta">
Generated by <a href="http://www.testng.org" target="_blank">TestNG</a> with <a href="https://github.com/testng-team/reportng" target="_blank">ReportNG</a>
at 10:50 CST on domingo 11 agosto 2024
    <br/><span
    id="systemInfo">denis@Benavidez&nbsp;/&nbsp;Java 21.0.2 (Oracle Corporation)&nbsp;/&nbsp;Windows 10 10.0 (amd64)</span>
</div>
<h1>Practica11_ReporteriaTestngAgrupacionCasosCucumber</h1>

<p>
    <a href="index.html">Suites</a>
        &#183; <a href="output.html">Log Output</a>
</p>

<p>Test duration
    : 0.073s</p>

    <table class="resultsTable configTable">
        <tr>
            <th class="header failedConfig"
                colspan="3">Failed Configuration</th>
        </tr>
            <tr class="group">
                <td colspan="3">Cucumber.TestRunner</td>
            </tr>
    <tr>
        <td class="method">
                setUpClass
        </td>
        <td class="duration">
            0.072s
        </td>
        <td class="result">
            <!-- Display the dependencies for skipped test methods -->

                <i>Method arguments: </i>
                <span class="arguments">
                    org.testng.TestRunner@2eee3069
                </span>
                <br/>

            <!-- Show logger output for the test -->

                <a href="javascript:toggleElement('exception-0', 'block')"
                   title="Click to expand/collapse">
                    <b>java.lang.IllegalArgumentException: The plugin specification &apos;&apos; has a problem:<br/>
<br/>
Could not load plugin class &apos;&apos;.<br/>
<br/>
Plugin specifications should have the format of PLUGIN[:[PATH|[URI [OPTIONS]]]<br/>
<br/>
Valid values for PLUGIN are: html, json, junit, message, pretty, progress, rerun, summary, teamcity, testng, timeline, unused, usage<br/>
<br/>
PLUGIN can also be a fully qualified class name, allowing registration of 3rd party plugins. The 3rd party plugin must implement io.cucumber.plugin.Plugin</b>
                </a>
                <br/>
                <div class="stackTrace" id="exception-0">
                        io.cucumber.core.options.PluginOption.createCouldNotLoadClass(PluginOption.java:167)<br/>
                        io.cucumber.core.options.PluginOption.parsePluginName(PluginOption.java:145)<br/>
                        io.cucumber.core.options.PluginOption.parse(PluginOption.java:100)<br/>
                        io.cucumber.core.options.RuntimeOptionsBuilder.addPluginName(RuntimeOptionsBuilder.java:68)<br/>
                        io.cucumber.core.options.CucumberOptionsAnnotationParser.addPlugins(CucumberOptionsAnnotationParser.java:85)<br/>
                        io.cucumber.core.options.CucumberOptionsAnnotationParser.parse(CucumberOptionsAnnotationParser.java:39)<br/>
                        io.cucumber.testng.TestNGCucumberRunner.&lt;init&gt;(TestNGCucumberRunner.java:85)<br/>
                        io.cucumber.testng.AbstractTestNGCucumberTests.setUpClass(AbstractTestNGCucumberTests.java:27)<br/>
                        java.base/jdk.internal.reflect.DirectMethodHandleAccessor.invoke(DirectMethodHandleAccessor.java:103)<br/>
                        java.base/java.lang.reflect.Method.invoke(Method.java:580)<br/>
                        org.testng.internal.invokers.MethodInvocationHelper.invokeMethod(MethodInvocationHelper.java:141)<br/>
                        org.testng.internal.invokers.MethodInvocationHelper.invokeMethodConsideringTimeout(MethodInvocationHelper.java:71)<br/>
                        org.testng.internal.invokers.ConfigInvoker.invokeConfigurationMethod(ConfigInvoker.java:400)<br/>
                        org.testng.internal.invokers.ConfigInvoker.invokeConfigurations(ConfigInvoker.java:333)<br/>
                        org.testng.internal.invokers.TestMethodWorker.invokeBeforeClassMethods(TestMethodWorker.java:188)<br/>
                        org.testng.internal.invokers.TestMethodWorker.run(TestMethodWorker.java:128)<br/>
                        java.base/java.util.ArrayList.forEach(ArrayList.java:1596)<br/>
                        org.testng.TestRunner.privateRun(TestRunner.java:739)<br/>
                        org.testng.TestRunner.run(TestRunner.java:614)<br/>
                        org.testng.SuiteRunner.runTest(SuiteRunner.java:421)<br/>
                        org.testng.SuiteRunner.runSequentially(SuiteRunner.java:413)<br/>
                        org.testng.SuiteRunner.privateRun(SuiteRunner.java:373)<br/>
                        org.testng.SuiteRunner.run(SuiteRunner.java:312)<br/>
                        org.testng.SuiteRunnerWorker.runSuite(SuiteRunnerWorker.java:52)<br/>
                        org.testng.SuiteRunnerWorker.run(SuiteRunnerWorker.java:95)<br/>
                        org.testng.TestNG.runSuitesSequentially(TestNG.java:1274)<br/>
                        org.testng.TestNG.runSuitesLocally(TestNG.java:1208)<br/>
                        org.testng.TestNG.runSuites(TestNG.java:1112)<br/>
                        org.testng.TestNG.run(TestNG.java:1079)<br/>
                        com.intellij.rt.testng.IDEARemoteTestNG.run(IDEARemoteTestNG.java:65)<br/>
                        com.intellij.rt.testng.RemoteTestNGStarter.main(RemoteTestNGStarter.java:105)<br/>
                        <b>Caused by: </b>
                        <a href="javascript:toggleElement('exception-1', 'block')"
                           title="Click to expand/collapse">
                            java.lang.ClassNotFoundException: 
                        </a>
                        <br/>
                        <div class="stackTrace" id="exception-1">
                                java.base/jdk.internal.loader.BuiltinClassLoader.loadClass(BuiltinClassLoader.java:641)<br/>
                                java.base/jdk.internal.loader.ClassLoaders$AppClassLoader.loadClass(ClassLoaders.java:188)<br/>
                                java.base/java.lang.ClassLoader.loadClass(ClassLoader.java:526)<br/>
                                io.cucumber.core.options.PluginOption.parsePluginName(PluginOption.java:139)<br/>
                                io.cucumber.core.options.PluginOption.parse(PluginOption.java:100)<br/>
                                io.cucumber.core.options.RuntimeOptionsBuilder.addPluginName(RuntimeOptionsBuilder.java:68)<br/>
                                io.cucumber.core.options.CucumberOptionsAnnotationParser.addPlugins(CucumberOptionsAnnotationParser.java:85)<br/>
                                io.cucumber.core.options.CucumberOptionsAnnotationParser.parse(CucumberOptionsAnnotationParser.java:39)<br/>
                                io.cucumber.testng.TestNGCucumberRunner.&lt;init&gt;(TestNGCucumberRunner.java:85)<br/>
                                io.cucumber.testng.AbstractTestNGCucumberTests.setUpClass(AbstractTestNGCucumberTests.java:27)<br/>
                                java.base/jdk.internal.reflect.DirectMethodHandleAccessor.invoke(DirectMethodHandleAccessor.java:103)<br/>
                                java.base/java.lang.reflect.Method.invoke(Method.java:580)<br/>
                                org.testng.internal.invokers.MethodInvocationHelper.invokeMethod(MethodInvocationHelper.java:141)<br/>
                                org.testng.internal.invokers.MethodInvocationHelper.invokeMethodConsideringTimeout(MethodInvocationHelper.java:71)<br/>
                                org.testng.internal.invokers.ConfigInvoker.invokeConfigurationMethod(ConfigInvoker.java:400)<br/>
                                org.testng.internal.invokers.ConfigInvoker.invokeConfigurations(ConfigInvoker.java:333)<br/>
                                org.testng.internal.invokers.TestMethodWorker.invokeBeforeClassMethods(TestMethodWorker.java:188)<br/>
                                org.testng.internal.invokers.TestMethodWorker.run(TestMethodWorker.java:128)<br/>
                                java.base/java.util.ArrayList.forEach(ArrayList.java:1596)<br/>
                                org.testng.TestRunner.privateRun(TestRunner.java:739)<br/>
                                org.testng.TestRunner.run(TestRunner.java:614)<br/>
                                org.testng.SuiteRunner.runTest(SuiteRunner.java:421)<br/>
                                org.testng.SuiteRunner.runSequentially(SuiteRunner.java:413)<br/>
                                org.testng.SuiteRunner.privateRun(SuiteRunner.java:373)<br/>
                                org.testng.SuiteRunner.run(SuiteRunner.java:312)<br/>
                                org.testng.SuiteRunnerWorker.runSuite(SuiteRunnerWorker.java:52)<br/>
                                org.testng.SuiteRunnerWorker.run(SuiteRunnerWorker.java:95)<br/>
                                org.testng.TestNG.runSuitesSequentially(TestNG.java:1274)<br/>
                                org.testng.TestNG.runSuitesLocally(TestNG.java:1208)<br/>
                                org.testng.TestNG.runSuites(TestNG.java:1112)<br/>
                                org.testng.TestNG.run(TestNG.java:1079)<br/>
                                com.intellij.rt.testng.IDEARemoteTestNG.run(IDEARemoteTestNG.java:65)<br/>
                                com.intellij.rt.testng.RemoteTestNGStarter.main(RemoteTestNGStarter.java:105)<br/>
                        </div>
                </div>
        </td>
    </tr>

    </table>




<script type="text/javascript" src="reportng.js"></script>
</body>
